2021-07-04 17:07:56.438 [main] INFO  o.a.d.common.logger.LoggerFactory - using logger: org.apache.dubbo.common.logger.slf4j.Slf4jLoggerAdapter
2021-07-04 17:07:56.444 [main] INFO  o.a.d.s.b.c.e.WelcomeLogoApplicationListener - 

 :: Dubbo Spring Boot (v2.7.8) : https://github.com/apache/dubbo-spring-boot-project
 :: Dubbo (v2.7.8) : https://github.com/apache/dubbo
 :: Discuss group : dev@dubbo.apache.org

2021-07-04 17:07:56.446 [main] INFO  o.a.d.s.b.c.e.OverrideDubboConfigApplicationListener - Dubbo Config was overridden by externalized configuration {dubbo.application.qos-enable=false, dubbo.config.multiple=true}
2021-07-04 17:07:56.787 [pool-1-thread-1] INFO  o.a.d.s.b.c.e.AwaitingNonWebApplicationListener -  [Dubbo] Current Spring Boot Application is await...
2021-07-04 17:07:56.885 [main] INFO  o.a.d.s.b.c.e.OverrideDubboConfigApplicationListener - Dubbo Config was overridden by externalized configuration {dubbo.application.name=trade-service, dubbo.application.qos-enable=false, dubbo.config.multiple=true}
2021-07-04 17:07:56.908 [main] INFO  cn.whu.trade.Application - The following profiles are active: dev
2021-07-04 17:07:57.536 [main] INFO  c.alibaba.spring.util.BeanRegistrar - The Infrastructure bean definition [Root bean: class [org.apache.dubbo.config.spring.beans.factory.annotation.ReferenceAnnotationBeanPostProcessor]; scope=; abstract=false; lazyInit=null; autowireMode=0; dependencyCheck=0; autowireCandidate=true; primary=false; factoryBeanName=null; factoryMethodName=null; initMethodName=null; destroyMethodName=nullwith name [referenceAnnotationBeanPostProcessor] has been registered.
2021-07-04 17:07:57.537 [main] INFO  c.alibaba.spring.util.BeanRegistrar - The Infrastructure bean definition [Root bean: class [org.apache.dubbo.config.spring.beans.factory.annotation.DubboConfigAliasPostProcessor]; scope=; abstract=false; lazyInit=null; autowireMode=0; dependencyCheck=0; autowireCandidate=true; primary=false; factoryBeanName=null; factoryMethodName=null; initMethodName=null; destroyMethodName=nullwith name [dubboConfigAliasPostProcessor] has been registered.
2021-07-04 17:07:57.538 [main] INFO  c.alibaba.spring.util.BeanRegistrar - The Infrastructure bean definition [Root bean: class [org.apache.dubbo.config.spring.context.DubboLifecycleComponentApplicationListener]; scope=; abstract=false; lazyInit=null; autowireMode=0; dependencyCheck=0; autowireCandidate=true; primary=false; factoryBeanName=null; factoryMethodName=null; initMethodName=null; destroyMethodName=nullwith name [dubboLifecycleComponentApplicationListener] has been registered.
2021-07-04 17:07:57.538 [main] INFO  c.alibaba.spring.util.BeanRegistrar - The Infrastructure bean definition [Root bean: class [org.apache.dubbo.config.spring.context.DubboBootstrapApplicationListener]; scope=; abstract=false; lazyInit=null; autowireMode=0; dependencyCheck=0; autowireCandidate=true; primary=false; factoryBeanName=null; factoryMethodName=null; initMethodName=null; destroyMethodName=nullwith name [dubboBootstrapApplicationListener] has been registered.
2021-07-04 17:07:57.539 [main] INFO  c.alibaba.spring.util.BeanRegistrar - The Infrastructure bean definition [Root bean: class [org.apache.dubbo.config.spring.beans.factory.config.DubboConfigDefaultPropertyValueBeanPostProcessor]; scope=; abstract=false; lazyInit=null; autowireMode=0; dependencyCheck=0; autowireCandidate=true; primary=false; factoryBeanName=null; factoryMethodName=null; initMethodName=null; destroyMethodName=nullwith name [dubboConfigDefaultPropertyValueBeanPostProcessor] has been registered.
2021-07-04 17:07:57.595 [main] INFO  o.s.d.r.c.RepositoryConfigurationDelegate - Multiple Spring Data modules found, entering strict repository configuration mode!
2021-07-04 17:07:57.596 [main] INFO  o.s.d.r.c.RepositoryConfigurationDelegate - Bootstrapping Spring Data Redis repositories in DEFAULT mode.
2021-07-04 17:07:57.617 [main] INFO  o.s.d.r.c.RepositoryConfigurationDelegate - Finished Spring Data repository scanning in 11ms. Found 0 Redis repository interfaces.
2021-07-04 17:07:57.738 [main] INFO  c.a.s.b.f.a.ConfigurationBeanBindingRegistrar - The configuration bean definition [name : org.apache.dubbo.config.ApplicationConfig#0, content : Root bean: class [org.apache.dubbo.config.ApplicationConfig]; scope=; abstract=false; lazyInit=null; autowireMode=0; dependencyCheck=0; autowireCandidate=true; primary=false; factoryBeanName=null; factoryMethodName=null; initMethodName=null; destroyMethodName=null] has been registered.
2021-07-04 17:07:57.738 [main] INFO  c.alibaba.spring.util.BeanRegistrar - The Infrastructure bean definition [Root bean: class [com.alibaba.spring.beans.factory.annotation.ConfigurationBeanBindingPostProcessor]; scope=; abstract=false; lazyInit=null; autowireMode=0; dependencyCheck=0; autowireCandidate=true; primary=false; factoryBeanName=null; factoryMethodName=null; initMethodName=null; destroyMethodName=nullwith name [configurationBeanBindingPostProcessor] has been registered.
2021-07-04 17:07:57.809 [main] WARN  o.m.s.mapper.ClassPathMapperScanner - No MyBatis mapper was found in '[cn.whu.trade]' package. Please check your configuration.
2021-07-04 17:07:57.812 [main] INFO  o.s.c.a.ConfigurationClassPostProcessor - Cannot enhance @Configuration bean definition 'org.apache.dubbo.spring.boot.autoconfigure.DubboAutoConfiguration' since its singleton instance has been created too early. The typical cause is a non-static @Bean method with a BeanDefinitionRegistryPostProcessor return type: Consider declaring such methods as 'static'.
2021-07-04 17:07:57.881 [main] INFO  o.s.cloud.context.scope.GenericScope - BeanFactory id=60a99546-2473-3335-bdff-b6b4bc98da84
2021-07-04 17:07:58.273 [main] INFO  o.s.b.w.e.tomcat.TomcatWebServer - Tomcat initialized with port(s): 8081 (http)
2021-07-04 17:07:58.279 [main] INFO  o.a.coyote.http11.Http11NioProtocol - Initializing ProtocolHandler ["http-nio-8081"]
2021-07-04 17:07:58.280 [main] INFO  o.a.catalina.core.StandardService - Starting service [Tomcat]
2021-07-04 17:07:58.280 [main] INFO  o.a.catalina.core.StandardEngine - Starting Servlet engine: [Apache Tomcat/9.0.31]
2021-07-04 17:07:58.350 [main] INFO  o.a.c.c.C.[Tomcat].[localhost].[/] - Initializing Spring embedded WebApplicationContext
2021-07-04 17:07:58.350 [main] INFO  o.s.web.context.ContextLoader - Root WebApplicationContext: initialization completed in 1418 ms
2021-07-04 17:07:58.618 [main] INFO  o.s.s.c.ThreadPoolTaskExecutor - Initializing ExecutorService
2021-07-04 17:07:59.297 [main] WARN  c.n.c.sources.URLConfigurationSource - No URLs will be polled as dynamic configuration sources.
2021-07-04 17:07:59.297 [main] INFO  c.n.c.sources.URLConfigurationSource - To enable URLs as dynamic configuration sources, define System property archaius.configurationSource.additionalUrls or make config.properties available on classpath.
2021-07-04 17:07:59.300 [main] WARN  c.n.c.sources.URLConfigurationSource - No URLs will be polled as dynamic configuration sources.
2021-07-04 17:07:59.300 [main] INFO  c.n.c.sources.URLConfigurationSource - To enable URLs as dynamic configuration sources, define System property archaius.configurationSource.additionalUrls or make config.properties available on classpath.
2021-07-04 17:07:59.476 [main] INFO  o.s.s.c.ThreadPoolTaskExecutor - Initializing ExecutorService 'applicationTaskExecutor'
2021-07-04 17:07:59.651 [main] INFO  t.m.m.a.MapperCacheDisabler - Clear tk.mybatis.mapper.util.MsUtil CLASS_CACHE cache.
2021-07-04 17:07:59.651 [main] INFO  t.m.m.a.MapperCacheDisabler - Clear tk.mybatis.mapper.genid.GenIdUtil CACHE cache.
2021-07-04 17:07:59.652 [main] INFO  t.m.m.a.MapperCacheDisabler - Clear tk.mybatis.mapper.version.VersionUtil CACHE cache.
2021-07-04 17:07:59.652 [main] INFO  t.m.m.a.MapperCacheDisabler - Clear EntityHelper entityTableMap cache.
2021-07-04 17:08:00.175 [main] INFO  o.s.s.c.ThreadPoolTaskScheduler - Initializing ExecutorService
2021-07-04 17:08:00.289 [main] INFO  c.a.s.b.f.a.ConfigurationBeanBindingPostProcessor - The configuration bean [<dubbo:application qosEnable="false" hostname="NINGTLIU-MB0" name="trade-service" />] have been binding by the configuration properties [{name=trade-service, qos-enable=false}]
2021-07-04 17:08:00.400 [main] INFO  o.a.d.c.utils.ConfigValidationUtils -  [DUBBO] There's no valid monitor config found, if you want to open monitor statistics for Dubbo, please make sure your monitor is configured properly., dubbo version: 2.7.8, current host: 192.168.1.100
2021-07-04 17:08:00.415 [main] INFO  o.a.d.c.bootstrap.DubboBootstrap -  [DUBBO] DubboBootstrap has been initialized!, dubbo version: 2.7.8, current host: 192.168.1.100
2021-07-04 17:08:00.415 [main] INFO  o.a.d.c.bootstrap.DubboBootstrap -  [DUBBO] DubboBootstrap is starting..., dubbo version: 2.7.8, current host: 192.168.1.100
2021-07-04 17:08:00.418 [main] INFO  o.a.d.c.bootstrap.DubboBootstrap -  [DUBBO] DubboBootstrap is ready., dubbo version: 2.7.8, current host: 192.168.1.100
2021-07-04 17:08:00.419 [main] INFO  o.a.d.c.bootstrap.DubboBootstrap -  [DUBBO] DubboBootstrap has started., dubbo version: 2.7.8, current host: 192.168.1.100
2021-07-04 17:08:00.419 [main] INFO  s.d.s.w.p.DocumentationPluginsBootstrapper - Context refreshed
2021-07-04 17:08:00.432 [main] INFO  s.d.s.w.p.DocumentationPluginsBootstrapper - Found 1 custom documentation plugin(s)
2021-07-04 17:08:00.442 [main] INFO  s.d.s.w.s.ApiListingReferenceScanner - Scanning for api listing references
2021-07-04 17:08:00.458 [main] INFO  o.a.coyote.http11.Http11NioProtocol - Starting ProtocolHandler ["http-nio-8081"]
2021-07-04 17:08:00.490 [main] INFO  o.s.b.w.e.tomcat.TomcatWebServer - Tomcat started on port(s): 8081 (http) with context path ''
2021-07-04 17:08:00.500 [main] INFO  o.s.c.a.n.r.NacosServiceRegistry - nacos registry, trade-service 192.168.1.100:8081 register finished
2021-07-04 17:08:00.506 [main] INFO  cn.whu.trade.Application - Started Application in 4.389 seconds (JVM running for 5.07)
