2021-06-29 18:56:45.573 [main] INFO  cn.whu.trade.Application - Starting Application on NINGTLIU-MB0 with PID 63801 (/Users/jiayi/seckill/seckill-trade/target/classes started by jiayi in /Users/jiayi/seckill)
2021-06-29 18:56:45.575 [main] INFO  cn.whu.trade.Application - The following profiles are active: dev
2021-06-29 18:56:46.099 [main] INFO  o.s.d.r.c.RepositoryConfigurationDelegate - Multiple Spring Data modules found, entering strict repository configuration mode!
2021-06-29 18:56:46.100 [main] INFO  o.s.d.r.c.RepositoryConfigurationDelegate - Bootstrapping Spring Data Redis repositories in DEFAULT mode.
2021-06-29 18:56:46.129 [main] INFO  o.s.d.r.c.RepositoryConfigurationDelegate - Finished Spring Data repository scanning in 16ms. Found 0 Redis repository interfaces.
2021-06-29 18:56:46.227 [main] WARN  o.m.s.mapper.ClassPathMapperScanner - No MyBatis mapper was found in '[cn.whu.trade]' package. Please check your configuration.
2021-06-29 18:56:46.574 [main] INFO  o.s.b.w.e.tomcat.TomcatWebServer - Tomcat initialized with port(s): 8081 (http)
2021-06-29 18:56:46.582 [main] INFO  o.a.coyote.http11.Http11NioProtocol - Initializing ProtocolHandler ["http-nio-8081"]
2021-06-29 18:56:46.582 [main] INFO  o.a.catalina.core.StandardService - Starting service [Tomcat]
2021-06-29 18:56:46.582 [main] INFO  o.a.catalina.core.StandardEngine - Starting Servlet engine: [Apache Tomcat/9.0.31]
2021-06-29 18:56:46.663 [main] INFO  o.a.c.c.C.[Tomcat].[localhost].[/] - Initializing Spring embedded WebApplicationContext
2021-06-29 18:56:46.664 [main] INFO  o.s.web.context.ContextLoader - Root WebApplicationContext: initialization completed in 1038 ms
2021-06-29 18:56:46.871 [main] INFO  o.s.s.c.ThreadPoolTaskExecutor - Initializing ExecutorService
2021-06-29 18:56:47.309 [main] INFO  o.s.s.c.ThreadPoolTaskExecutor - Initializing ExecutorService 'applicationTaskExecutor'
2021-06-29 18:56:47.411 [main] INFO  t.m.m.a.MapperCacheDisabler - Clear tk.mybatis.mapper.util.MsUtil CLASS_CACHE cache.
2021-06-29 18:56:47.412 [main] INFO  t.m.m.a.MapperCacheDisabler - Clear tk.mybatis.mapper.genid.GenIdUtil CACHE cache.
2021-06-29 18:56:47.412 [main] INFO  t.m.m.a.MapperCacheDisabler - Clear tk.mybatis.mapper.version.VersionUtil CACHE cache.
2021-06-29 18:56:47.412 [main] INFO  t.m.m.a.MapperCacheDisabler - Clear EntityHelper entityTableMap cache.
2021-06-29 18:56:47.945 [main] INFO  o.a.coyote.http11.Http11NioProtocol - Starting ProtocolHandler ["http-nio-8081"]
2021-06-29 18:56:47.987 [main] INFO  o.s.b.w.e.tomcat.TomcatWebServer - Tomcat started on port(s): 8081 (http) with context path ''
2021-06-29 18:56:47.991 [main] INFO  cn.whu.trade.Application - Started Application in 3.121 seconds (JVM running for 4.089)
2021-06-29 18:56:57.030 [SpringContextShutdownHook] INFO  o.s.s.c.ThreadPoolTaskExecutor - Shutting down ExecutorService 'applicationTaskExecutor'
2021-06-29 18:56:57.038 [SpringContextShutdownHook] INFO  o.s.s.c.ThreadPoolTaskExecutor - Shutting down ExecutorService
